<?xml version="1.0" encoding="UTF-8"?>
<!-- Generated by org.testng.reporters.JUnitXMLReporter -->
<testsuite hostname="mindq-PC" name="Test" tests="5" failures="0" timestamp="18 Jan 2017 16:05:07 GMT" time="70.212" errors="0">
  <testcase name="exebr" time="7.741" classname="com.bank.masters.Branch"/>
  <testcase name="Exerole" time="19.067" classname="com.bank.masters.Role"/>
  <testcase name="Exerole" time="19.095" classname="com.bank.masters.Role"/>
  <testcase name="Exerole" time="19.173" classname="com.bank.masters.Role"/>
  <testcase name="exeemploy" time="3.513" classname="com.bank.masters.Employee"/>
</testsuite> <!-- Test -->
